DEBUG 2024-11-05 20:49:32,281 views 31688 8264 Начало обработки запроса на бронирование
DEBUG 2024-11-05 20:49:32,281 views 31688 8264 Получены данные бронирования - date: 2024-11-05, time: 10:55, barber_id: any, services: []
DEBUG 2024-11-05 20:49:32,281 views 31688 8264 Найден салон - BEAUTY SALON
DEBUG 2024-11-05 20:49:32,297 views 31688 8264 Отформатированная дата: 2024-11-05
DEBUG 2024-11-05 20:49:32,297 views 31688 8264 Отформатированное время: 10:55:00
DEBUG 2024-11-05 20:49:32,297 views 31688 8264 Рабочие часы салона на tuesday: {'open': '09:00', 'close': '18:00'}
DEBUG 2024-11-05 20:49:32,297 views 31688 8264 Салон работает с 09:00:00 до 18:00:00
DEBUG 2024-11-05 20:49:32,297 views 31688 8264 Выбран любой мастер
DEBUG 2024-11-05 20:49:32,297 views 31688 8264 Базовая длительность обслуживания: 20 минут
DEBUG 2024-11-05 20:49:32,297 views 31688 8264 Общая длительность обслуживания: 25 минут
DEBUG 2024-11-05 20:49:32,297 views 31688 8264 Время бронирования: 2024-11-05 10:55:00 - 2024-11-05 11:20:00
DEBUG 2024-11-05 20:49:32,311 views 31688 8264 Фильтр по любому барберу
DEBUG 2024-11-05 20:49:32,313 views 31688 8264 Найдено перекрывающихся бронирований: 1
INFO 2024-11-05 20:49:32,313 views 31688 8264 Выбранный временной слот уже занят.
DEBUG 2024-11-05 21:20:21,651 views 23204 17516 Начало обработки запроса на бронирование
DEBUG 2024-11-05 21:20:21,651 views 23204 17516 Получены данные бронирования - date: 2024-11-05, time: 10:00, barber_id: any, services: []
DEBUG 2024-11-05 21:20:21,653 views 23204 17516 Найден салон - BEAUTY SALON
DEBUG 2024-11-05 21:20:21,654 views 23204 17516 Отформатированная дата: 2024-11-05
DEBUG 2024-11-05 21:20:21,655 views 23204 17516 Отформатированное время: 10:00:00
DEBUG 2024-11-05 21:20:21,655 views 23204 17516 Рабочие часы салона на tuesday: {'open': '09:00', 'close': '18:00'}
DEBUG 2024-11-05 21:20:21,655 views 23204 17516 Салон работает с 09:00:00 до 18:00:00
DEBUG 2024-11-05 21:20:21,655 views 23204 17516 Выбран любой мастер
DEBUG 2024-11-05 21:20:21,656 views 23204 17516 Базовая длительность обслуживания: 20 минут
DEBUG 2024-11-05 21:20:21,656 views 23204 17516 Общая длительность обслуживания: 20 минут
DEBUG 2024-11-05 21:20:21,656 views 23204 17516 Время бронирования: 10:00:00 - 10:20:00
DEBUG 2024-11-05 21:20:21,657 views 23204 17516 Фильтр по любому барберу
DEBUG 2024-11-05 21:20:21,659 views 23204 17516 Найдено перекрывающихся бронирований: 0
DEBUG 2024-11-05 21:20:21,666 views 23204 17516 Создано бронирование - BEAUTY SALON - 2024-11-05 10:00:00 - 10:20:00 - Любой мастер
INFO 2024-11-05 21:20:21,667 views 23204 17516 Бронирование успешно создано для пользователя - tsigma
DEBUG 2024-11-05 21:20:21,667 views 23204 17516 Завершение обработки запроса на бронирование
DEBUG 2024-11-05 21:21:26,774 views 23204 17516 Начало обработки запроса на бронирование
DEBUG 2024-11-05 21:21:26,775 views 23204 17516 Получены данные бронирования - date: 2024-11-05, time: 10:20, barber_id: 1, services: []
DEBUG 2024-11-05 21:21:26,778 views 23204 17516 Найден салон - BEAUTY SALON
DEBUG 2024-11-05 21:21:26,779 views 23204 17516 Отформатированная дата: 2024-11-05
DEBUG 2024-11-05 21:21:26,779 views 23204 17516 Отформатированное время: 10:20:00
DEBUG 2024-11-05 21:21:26,780 views 23204 17516 Рабочие часы салона на tuesday: {'open': '09:00', 'close': '18:00'}
DEBUG 2024-11-05 21:21:26,780 views 23204 17516 Салон работает с 09:00:00 до 18:00:00
DEBUG 2024-11-05 21:21:26,783 views 23204 17516 Выбран барбер - Tanya (BEAUTY SALON)
DEBUG 2024-11-05 21:21:26,783 views 23204 17516 Базовая длительность обслуживания: 20 минут
DEBUG 2024-11-05 21:21:26,783 views 23204 17516 Общая длительность обслуживания: 20 минут
DEBUG 2024-11-05 21:21:26,785 views 23204 17516 Время бронирования: 10:20:00 - 10:40:00
DEBUG 2024-11-05 21:21:26,786 views 23204 17516 Фильтр по барберу: Tanya (BEAUTY SALON)
DEBUG 2024-11-05 21:21:26,788 views 23204 17516 Найдено перекрывающихся бронирований: 0
DEBUG 2024-11-05 21:21:26,795 views 23204 17516 Создано бронирование - BEAUTY SALON - 2024-11-05 10:20:00 - 10:40:00 - Tanya
INFO 2024-11-05 21:21:26,796 views 23204 17516 Бронирование успешно создано для пользователя - tsigma
DEBUG 2024-11-05 21:21:26,796 views 23204 17516 Завершение обработки запроса на бронирование
DEBUG 2024-11-05 21:23:37,881 views 23204 17516 Начало обработки запроса на бронирование
DEBUG 2024-11-05 21:23:37,881 views 23204 17516 Получены данные бронирования - date: 2024-11-05, time: 10:45, barber_id: any, services: []
DEBUG 2024-11-05 21:23:37,883 views 23204 17516 Найден салон - BEAUTY SALON
DEBUG 2024-11-05 21:23:37,883 views 23204 17516 Отформатированная дата: 2024-11-05
DEBUG 2024-11-05 21:23:37,883 views 23204 17516 Отформатированное время: 10:45:00
DEBUG 2024-11-05 21:23:37,885 views 23204 17516 Рабочие часы салона на tuesday: {'open': '09:00', 'close': '18:00'}
DEBUG 2024-11-05 21:23:37,886 views 23204 17516 Салон работает с 09:00:00 до 18:00:00
DEBUG 2024-11-05 21:23:37,886 views 23204 17516 Выбран любой мастер
DEBUG 2024-11-05 21:23:37,886 views 23204 17516 Базовая длительность обслуживания: 20 минут
DEBUG 2024-11-05 21:23:37,886 views 23204 17516 Общая длительность обслуживания: 20 минут
DEBUG 2024-11-05 21:23:37,886 views 23204 17516 Время бронирования: 10:45:00 - 11:05:00
DEBUG 2024-11-05 21:23:37,886 views 23204 17516 Фильтр по любому барберу
DEBUG 2024-11-05 21:23:37,886 views 23204 17516 Найдено перекрывающихся бронирований: 0
DEBUG 2024-11-05 21:23:37,895 views 23204 17516 Создано бронирование - BEAUTY SALON - 2024-11-05 10:45:00 - 11:05:00 - Любой мастер
INFO 2024-11-05 21:23:37,896 views 23204 17516 Бронирование успешно создано для пользователя - tsigma
DEBUG 2024-11-05 21:23:37,896 views 23204 17516 Завершение обработки запроса на бронирование
DEBUG 2024-11-05 21:38:26,145 views 22376 8140 Начало обработки запроса на бронирование
DEBUG 2024-11-05 21:38:26,145 views 22376 8140 Получены данные бронирования - date: 2024-11-05, time: 10:20, barber_id: any, services: []
DEBUG 2024-11-05 21:38:26,147 views 22376 8140 Найден салон - BEAUTY SALON
DEBUG 2024-11-05 21:38:26,147 views 22376 8140 Отформатированная дата: 2024-11-05
DEBUG 2024-11-05 21:38:26,148 views 22376 8140 Отформатированное время: 10:20:00
DEBUG 2024-11-05 21:38:26,149 views 22376 8140 Рабочие часы салона на tuesday: {'open': '09:00', 'close': '18:00'}
DEBUG 2024-11-05 21:38:26,150 views 22376 8140 Салон работает с 09:00:00 до 18:00:00
DEBUG 2024-11-05 21:38:26,150 views 22376 8140 Выбран любой мастер
DEBUG 2024-11-05 21:38:26,151 views 22376 8140 Базовая длительность обслуживания: 20 минут
DEBUG 2024-11-05 21:38:26,151 views 22376 8140 Общая длительность обслуживания: 20 минут
DEBUG 2024-11-05 21:38:26,151 views 22376 8140 Время бронирования: 10:20:00 - 10:40:00
DEBUG 2024-11-05 21:38:26,152 views 22376 8140 Фильтр по любому барберу
DEBUG 2024-11-05 21:38:26,154 views 22376 8140 Найдено перекрывающихся бронирований: 0
DEBUG 2024-11-05 21:38:26,162 views 22376 8140 Создано бронирование - BEAUTY SALON - 2024-11-05 10:20:00 - 10:40:00 - Любой мастер
INFO 2024-11-05 21:38:26,163 views 22376 8140 Бронирование успешно создано для пользователя - tsigma
DEBUG 2024-11-05 21:38:26,163 views 22376 8140 Завершение обработки запроса на бронирование
DEBUG 2024-11-05 21:39:02,025 views 22376 8140 Начало обработки запроса на бронирование
DEBUG 2024-11-05 21:39:02,026 views 22376 8140 Получены данные бронирования - date: 2024-11-05, time: 10:20, barber_id: any, services: []
DEBUG 2024-11-05 21:39:02,029 views 22376 8140 Найден салон - BEAUTY SALON
DEBUG 2024-11-05 21:39:02,029 views 22376 8140 Отформатированная дата: 2024-11-05
DEBUG 2024-11-05 21:39:02,031 views 22376 8140 Отформатированное время: 10:20:00
DEBUG 2024-11-05 21:39:02,031 views 22376 8140 Рабочие часы салона на tuesday: {'open': '09:00', 'close': '18:00'}
DEBUG 2024-11-05 21:39:02,032 views 22376 8140 Салон работает с 09:00:00 до 18:00:00
DEBUG 2024-11-05 21:39:02,033 views 22376 8140 Выбран любой мастер
DEBUG 2024-11-05 21:39:02,033 views 22376 8140 Базовая длительность обслуживания: 20 минут
DEBUG 2024-11-05 21:39:02,034 views 22376 8140 Общая длительность обслуживания: 20 минут
DEBUG 2024-11-05 21:39:02,034 views 22376 8140 Время бронирования: 10:20:00 - 10:40:00
DEBUG 2024-11-05 21:39:02,036 views 22376 8140 Фильтр по любому барберу
DEBUG 2024-11-05 21:39:02,038 views 22376 8140 Найдено перекрывающихся бронирований: 1
INFO 2024-11-05 21:39:02,044 views 22376 8140 Выбранный временной слот уже занят.
DEBUG 2024-11-05 21:39:24,505 views 22376 8140 Начало обработки запроса на бронирование
DEBUG 2024-11-05 21:39:24,506 views 22376 8140 Получены данные бронирования - date: 2024-11-06, time: 9:05, barber_id: any, services: []
DEBUG 2024-11-05 21:39:24,508 views 22376 8140 Найден салон - BEAUTY SALON
DEBUG 2024-11-05 21:39:24,510 views 22376 8140 Отформатированная дата: 2024-11-06
DEBUG 2024-11-05 21:39:24,511 views 22376 8140 Отформатированное время: 09:05:00
DEBUG 2024-11-05 21:39:24,511 views 22376 8140 Рабочие часы салона на wednesday: {'open': '09:00', 'close': '18:00'}
DEBUG 2024-11-05 21:39:24,511 views 22376 8140 Салон работает с 09:00:00 до 18:00:00
DEBUG 2024-11-05 21:39:24,512 views 22376 8140 Выбран любой мастер
DEBUG 2024-11-05 21:39:24,512 views 22376 8140 Базовая длительность обслуживания: 20 минут
DEBUG 2024-11-05 21:39:24,512 views 22376 8140 Общая длительность обслуживания: 20 минут
DEBUG 2024-11-05 21:39:24,512 views 22376 8140 Время бронирования: 09:05:00 - 09:25:00
DEBUG 2024-11-05 21:39:24,514 views 22376 8140 Фильтр по любому барберу
DEBUG 2024-11-05 21:39:24,516 views 22376 8140 Найдено перекрывающихся бронирований: 1
INFO 2024-11-05 21:39:24,518 views 22376 8140 Выбранный временной слот уже занят.
DEBUG 2024-11-05 21:42:43,111 views 22376 8140 Начало обработки запроса на бронирование
DEBUG 2024-11-05 21:42:43,111 views 22376 8140 Получены данные бронирования - date: 2024-11-08, time: 15:00, barber_id: any, services: []
DEBUG 2024-11-05 21:42:43,113 views 22376 8140 Найден салон - BEAUTY SALON
DEBUG 2024-11-05 21:42:43,113 views 22376 8140 Отформатированная дата: 2024-11-08
DEBUG 2024-11-05 21:42:43,114 views 22376 8140 Отформатированное время: 15:00:00
DEBUG 2024-11-05 21:42:43,114 views 22376 8140 Рабочие часы салона на friday: {'open': '09:00', 'close': '18:00'}
DEBUG 2024-11-05 21:42:43,114 views 22376 8140 Салон работает с 09:00:00 до 18:00:00
DEBUG 2024-11-05 21:42:43,115 views 22376 8140 Выбран любой мастер
DEBUG 2024-11-05 21:42:43,117 views 22376 8140 Базовая длительность обслуживания: 20 минут
DEBUG 2024-11-05 21:42:43,117 views 22376 8140 Общая длительность обслуживания: 20 минут
DEBUG 2024-11-05 21:42:43,119 views 22376 8140 Время бронирования: 15:00:00 - 15:20:00
DEBUG 2024-11-05 21:42:43,119 views 22376 8140 Фильтр по любому барберу
DEBUG 2024-11-05 21:42:43,121 views 22376 8140 Найдено перекрывающихся бронирований: 0
DEBUG 2024-11-05 21:42:43,125 views 22376 8140 Создано бронирование - BEAUTY SALON - 2024-11-08 15:00:00 - 15:20:00 - Любой мастер
INFO 2024-11-05 21:42:43,125 views 22376 8140 Бронирование успешно создано для пользователя - tsigma
DEBUG 2024-11-05 21:42:43,126 views 22376 8140 Завершение обработки запроса на бронирование
DEBUG 2024-11-05 22:16:24,112 views 10252 27500 Начало обработки запроса на бронирование
DEBUG 2024-11-05 22:16:24,113 views 10252 27500 Получены данные бронирования - date: 2024-11-07, time: 10:00, barber_id: any, services: []
DEBUG 2024-11-05 22:16:24,114 views 10252 27500 Найден салон - BEAUTY SALON
DEBUG 2024-11-05 22:16:24,115 views 10252 27500 Отформатированная дата: 2024-11-07
DEBUG 2024-11-05 22:16:24,115 views 10252 27500 Отформатированное время: 10:00:00
DEBUG 2024-11-05 22:16:24,116 views 10252 27500 Рабочие часы салона на thursday: {'open': '09:00', 'close': '18:00'}
DEBUG 2024-11-05 22:16:24,116 views 10252 27500 Салон работает с 09:00:00 до 18:00:00
DEBUG 2024-11-05 22:16:24,116 views 10252 27500 Базовая длительность обслуживания: 20 минут
DEBUG 2024-11-05 22:16:24,117 views 10252 27500 Общая длительность обслуживания: 20 минут
DEBUG 2024-11-05 22:16:24,118 views 10252 27500 Время бронирования: 10:00:00 - 10:20:00
DEBUG 2024-11-05 22:16:24,124 views 10252 27500 Выбран любой мастер: Tanya (BEAUTY SALON)
DEBUG 2024-11-05 22:16:24,126 views 10252 27500 Фильтр по барберу: Tanya (BEAUTY SALON)
DEBUG 2024-11-05 22:16:24,127 views 10252 27500 Найдено перекрывающихся бронирований: 0
DEBUG 2024-11-05 22:16:24,133 views 10252 27500 Создано бронирование - BEAUTY SALON - 2024-11-07 10:00:00 - 10:20:00 - Tanya
INFO 2024-11-05 22:16:24,133 views 10252 27500 Бронирование успешно создано для пользователя - tsigma
DEBUG 2024-11-05 22:16:24,133 views 10252 27500 Завершение обработки запроса на бронирование
DEBUG 2024-11-05 22:34:56,457 views 10252 32284 Начало обработки запроса на бронирование
DEBUG 2024-11-05 22:34:56,458 views 10252 32284 Получены данные бронирования - date: , time: , barber_id: any, services: ['1']
DEBUG 2024-11-05 22:34:56,461 views 10252 32284 Найден салон - BEAUTY SALON
ERROR 2024-11-05 22:34:56,462 views 10252 32284 Ошибка форматирования даты: time data '' does not match format '%Y-%m-%d'
DEBUG 2024-11-05 22:42:36,002 views 10252 25664 Начало обработки запроса на бронирование
DEBUG 2024-11-05 22:42:36,002 views 10252 25664 Получены данные бронирования - date: 2024-11-05, time: 11:00, barber_id: any, services: ['1', '3', '2']
DEBUG 2024-11-05 22:42:36,004 views 10252 25664 Найден салон - BEAUTY SALON
DEBUG 2024-11-05 22:42:36,005 views 10252 25664 Отформатированная дата: 2024-11-05
DEBUG 2024-11-05 22:42:36,005 views 10252 25664 Отформатированное время: 11:00:00
DEBUG 2024-11-05 22:42:36,007 views 10252 25664 Рабочие часы салона на tuesday: {'open': '09:00', 'close': '18:00'}
DEBUG 2024-11-05 22:42:36,008 views 10252 25664 Салон работает с 09:00:00 до 18:00:00
DEBUG 2024-11-05 22:42:36,010 views 10252 25664 Добавлена услуга - Շերտաներկում, длительность: 2.5 минут
DEBUG 2024-11-05 22:42:36,025 views 10252 25664 Добавлена услуга - Թարթիչների Լամինացիա, длительность: 1.0 минут
DEBUG 2024-11-05 22:42:36,027 views 10252 25664 Добавлена услуга - Մազերի Կտրվածք, длительность: 1.0 минут
DEBUG 2024-11-05 22:42:36,028 views 10252 25664 Общая длительность обслуживания: 9.5 минут
DEBUG 2024-11-05 22:42:36,028 views 10252 25664 Время бронирования: 11:00:00 - 11:09:30
DEBUG 2024-11-05 22:42:36,057 views 10252 25664 Выбран любой мастер: Lilith (BEAUTY SALON)
DEBUG 2024-11-05 22:42:36,065 views 10252 25664 Фильтр по барберу: Lilith (BEAUTY SALON)
DEBUG 2024-11-05 22:42:36,074 views 10252 25664 Найдено перекрывающихся бронирований: 0
DEBUG 2024-11-05 22:42:36,108 views 10252 25664 Создано бронирование - BEAUTY SALON - 2024-11-05 11:00:00 - 11:09:30 - Lilith
DEBUG 2024-11-05 22:42:36,118 views 10252 25664 Услуга добавлена к бронированию - Շերտաներկում
DEBUG 2024-11-05 22:42:36,128 views 10252 25664 Услуга добавлена к бронированию - Թարթիչների Լամինացիա
DEBUG 2024-11-05 22:42:36,131 views 10252 25664 Услуга добавлена к бронированию - Մազերի Կտրվածք
INFO 2024-11-05 22:42:36,132 views 10252 25664 Бронирование успешно создано для пользователя - tsigma
DEBUG 2024-11-05 22:42:36,133 views 10252 25664 Завершение обработки запроса на бронирование
DEBUG 2024-11-05 23:37:51,611 views 10252 25348 Начало обработки запроса на бронирование
DEBUG 2024-11-05 23:37:51,611 views 10252 25348 Получены данные бронирования - date: 2024-11-06, time: 10:00, barber_id: any, services: []
DEBUG 2024-11-05 23:37:51,613 views 10252 25348 Найден салон - BEAUTY SALON
DEBUG 2024-11-05 23:37:51,614 views 10252 25348 Отформатированная дата: 2024-11-06
DEBUG 2024-11-05 23:37:51,615 views 10252 25348 Отформатированное время: 10:00:00
DEBUG 2024-11-05 23:37:51,616 views 10252 25348 Рабочие часы салона на wednesday: {'open': '09:00', 'close': '18:00'}
DEBUG 2024-11-05 23:37:51,616 views 10252 25348 Салон работает с 09:00:00 до 18:00:00
DEBUG 2024-11-05 23:37:51,617 views 10252 25348 Базовая длительность обслуживания: 20 минут
DEBUG 2024-11-05 23:37:51,617 views 10252 25348 Общая длительность обслуживания: 20 минут
DEBUG 2024-11-05 23:37:51,618 views 10252 25348 Время бронирования: 10:00:00 - 10:20:00
DEBUG 2024-11-05 23:37:51,625 views 10252 25348 Выбран любой мастер: Tanya (BEAUTY SALON)
DEBUG 2024-11-05 23:37:51,626 views 10252 25348 Фильтр по барберу: Tanya (BEAUTY SALON)
DEBUG 2024-11-05 23:37:51,628 views 10252 25348 Найдено перекрывающихся бронирований: 0
DEBUG 2024-11-05 23:37:51,635 views 10252 25348 Создано бронирование - BEAUTY SALON - 2024-11-06 10:00:00 - 10:20:00 - Tanya
INFO 2024-11-05 23:37:51,638 views 10252 25348 Бронирование успешно создано для пользователя - tsigma
DEBUG 2024-11-05 23:37:51,640 views 10252 25348 Завершение обработки запроса на бронирование
DEBUG 2024-11-05 23:38:21,478 views 10252 25348 Начало обработки запроса на бронирование
DEBUG 2024-11-05 23:38:21,478 views 10252 25348 Получены данные бронирования - date: 2024-11-05, time: 10:00, barber_id: any, services: ['4']
DEBUG 2024-11-05 23:38:21,480 views 10252 25348 Найден салон - BEAUTY SALON
DEBUG 2024-11-05 23:38:21,481 views 10252 25348 Отформатированная дата: 2024-11-05
DEBUG 2024-11-05 23:38:21,481 views 10252 25348 Отформатированное время: 10:00:00
DEBUG 2024-11-05 23:38:21,482 views 10252 25348 Рабочие часы салона на tuesday: {'open': '09:00', 'close': '18:00'}
DEBUG 2024-11-05 23:38:21,482 views 10252 25348 Салон работает с 09:00:00 до 18:00:00
DEBUG 2024-11-05 23:38:21,484 views 10252 25348 Добавлена услуга - Մատնահարդարում LUXIO (գել լաք), длительность: 1.5 минут
DEBUG 2024-11-05 23:38:21,485 views 10252 25348 Общая длительность обслуживания: 6.5 минут
DEBUG 2024-11-05 23:38:21,486 views 10252 25348 Время бронирования: 10:00:00 - 10:06:30
DEBUG 2024-11-05 23:38:21,493 views 10252 25348 Выбран любой мастер: Lilith (BEAUTY SALON)
DEBUG 2024-11-05 23:38:21,494 views 10252 25348 Фильтр по барберу: Lilith (BEAUTY SALON)
DEBUG 2024-11-05 23:38:21,495 views 10252 25348 Найдено перекрывающихся бронирований: 0
DEBUG 2024-11-05 23:38:21,502 views 10252 25348 Создано бронирование - BEAUTY SALON - 2024-11-05 10:00:00 - 10:06:30 - Lilith
DEBUG 2024-11-05 23:38:21,505 views 10252 25348 Услуга добавлена к бронированию - Մատնահարդարում LUXIO (գել լաք)
INFO 2024-11-05 23:38:21,506 views 10252 25348 Бронирование успешно создано для пользователя - tsigma
DEBUG 2024-11-05 23:38:21,506 views 10252 25348 Завершение обработки запроса на бронирование
DEBUG 2024-11-05 23:42:44,114 views 10252 25348 Начало обработки запроса на бронирование
DEBUG 2024-11-05 23:42:44,116 views 10252 25348 Получены данные бронирования - date: 2024-11-05, time: 15:40, barber_id: any, services: ['4', '2']
DEBUG 2024-11-05 23:42:44,118 views 10252 25348 Найден салон - BEAUTY SALON
DEBUG 2024-11-05 23:42:44,119 views 10252 25348 Отформатированная дата: 2024-11-05
DEBUG 2024-11-05 23:42:44,119 views 10252 25348 Отформатированное время: 15:40:00
DEBUG 2024-11-05 23:42:44,120 views 10252 25348 Рабочие часы салона на tuesday: {'open': '09:00', 'close': '18:00'}
DEBUG 2024-11-05 23:42:44,120 views 10252 25348 Салон работает с 09:00:00 до 18:00:00
DEBUG 2024-11-05 23:42:44,122 views 10252 25348 Добавлена услуга - Մատնահարդարում LUXIO (գել լաք), длительность: 1.5 минут
DEBUG 2024-11-05 23:42:44,124 views 10252 25348 Добавлена услуга - Մազերի Կտրվածք, длительность: 1.0 минут
DEBUG 2024-11-05 23:42:44,124 views 10252 25348 Общая длительность обслуживания: 7.5 минут
DEBUG 2024-11-05 23:42:44,124 views 10252 25348 Время бронирования: 15:40:00 - 15:47:30
DEBUG 2024-11-05 23:42:44,127 views 10252 25348 Выбран любой мастер: Tanya (BEAUTY SALON)
DEBUG 2024-11-05 23:42:44,128 views 10252 25348 Фильтр по барберу: Tanya (BEAUTY SALON)
DEBUG 2024-11-05 23:42:44,128 views 10252 25348 Найдено перекрывающихся бронирований: 0
DEBUG 2024-11-05 23:42:44,138 views 10252 25348 Создано бронирование - BEAUTY SALON - 2024-11-05 15:40:00 - 15:47:30 - Tanya
DEBUG 2024-11-05 23:42:44,139 views 10252 25348 Услуга добавлена к бронированию - Մատնահարդարում LUXIO (գել լաք)
DEBUG 2024-11-05 23:42:44,140 views 10252 25348 Услуга добавлена к бронированию - Մազերի Կտրվածք
INFO 2024-11-05 23:42:44,140 views 10252 25348 Бронирование успешно создано для пользователя - tsigma
DEBUG 2024-11-05 23:42:44,141 views 10252 25348 Завершение обработки запроса на бронирование
DEBUG 2024-11-05 23:50:51,657 views 10252 25348 Начало обработки запроса на бронирование
DEBUG 2024-11-05 23:50:51,657 views 10252 25348 Получены данные бронирования - date: 2024-11-07, time: 10:00, barber_id: any, services: []
DEBUG 2024-11-05 23:50:51,662 views 10252 25348 Найден салон - BEAUTY SALON
DEBUG 2024-11-05 23:50:51,662 views 10252 25348 Отформатированная дата: 2024-11-07
DEBUG 2024-11-05 23:50:51,663 views 10252 25348 Отформатированное время: 10:00:00
DEBUG 2024-11-05 23:50:51,663 views 10252 25348 Рабочие часы салона на thursday: {'open': '09:00', 'close': '18:00'}
DEBUG 2024-11-05 23:50:51,664 views 10252 25348 Салон работает с 09:00:00 до 18:00:00
DEBUG 2024-11-05 23:50:51,664 views 10252 25348 Базовая длительность обслуживания: 20 минут
DEBUG 2024-11-05 23:50:51,665 views 10252 25348 Общая длительность обслуживания: 20 минут
DEBUG 2024-11-05 23:50:51,665 views 10252 25348 Время бронирования: 10:00:00 - 10:20:00
DEBUG 2024-11-05 23:50:51,671 views 10252 25348 Выбран любой мастер: Lilith (BEAUTY SALON)
DEBUG 2024-11-05 23:50:51,672 views 10252 25348 Фильтр по барберу: Lilith (BEAUTY SALON)
DEBUG 2024-11-05 23:50:51,673 views 10252 25348 Найдено перекрывающихся бронирований: 0
DEBUG 2024-11-05 23:50:51,675 views 10252 25348 Создано бронирование - BEAUTY SALON - 2024-11-07 10:00:00 - 10:20:00 - Lilith
INFO 2024-11-05 23:50:51,681 views 10252 25348 Бронирование успешно создано для пользователя - tsigma
DEBUG 2024-11-05 23:50:51,681 views 10252 25348 Завершение обработки запроса на бронирование
DEBUG 2024-11-05 23:59:15,312 views 10252 24960 Начало обработки запроса на бронирование
DEBUG 2024-11-05 23:59:15,313 views 10252 24960 Получены данные бронирования - date: , time: , barber_id: any, services: []
DEBUG 2024-11-05 23:59:15,315 views 10252 24960 Найден салон - BEAUTY SALON
ERROR 2024-11-05 23:59:15,315 views 10252 24960 Ошибка форматирования даты: time data '' does not match format '%Y-%m-%d'
DEBUG 2024-11-06 00:08:30,978 views 10252 33128 Начало обработки запроса на бронирование
DEBUG 2024-11-06 00:08:30,979 views 10252 33128 Получены данные бронирования - date: 2024-11-06, time: 11:30, barber_id: any, services: []
DEBUG 2024-11-06 00:08:30,979 views 10252 33128 Найден салон - BEAUTY SALON
DEBUG 2024-11-06 00:08:30,979 views 10252 33128 Отформатированная дата: 2024-11-06
DEBUG 2024-11-06 00:08:30,982 views 10252 33128 Отформатированное время: 11:30:00
DEBUG 2024-11-06 00:08:30,982 views 10252 33128 Рабочие часы салона на wednesday: {'open': '09:00', 'close': '18:00'}
DEBUG 2024-11-06 00:08:30,983 views 10252 33128 Салон работает с 09:00:00 до 18:00:00
DEBUG 2024-11-06 00:08:30,983 views 10252 33128 Базовая длительность обслуживания: 20 минут
DEBUG 2024-11-06 00:08:30,983 views 10252 33128 Общая длительность обслуживания: 20 минут
DEBUG 2024-11-06 00:08:30,983 views 10252 33128 Время бронирования: 11:30:00 - 11:50:00
DEBUG 2024-11-06 00:08:30,989 views 10252 33128 Выбран любой мастер: Lilith (BEAUTY SALON)
DEBUG 2024-11-06 00:08:30,992 views 10252 33128 Фильтр по барберу: Lilith (BEAUTY SALON)
DEBUG 2024-11-06 00:08:30,994 views 10252 33128 Найдено перекрывающихся бронирований: 0
DEBUG 2024-11-06 00:08:30,998 views 10252 33128 Создано бронирование - BEAUTY SALON - 2024-11-06 11:30:00 - 11:50:00 - Lilith
INFO 2024-11-06 00:08:31,000 views 10252 33128 Бронирование успешно создано для пользователя - tsigma
DEBUG 2024-11-06 00:08:31,001 views 10252 33128 Завершение обработки запроса на бронирование
